<?xml version="1.0" encoding="UTF-8"?>
<!-- Generated by org.testng.reporters.JUnitReportReporter -->
<testsuite hostname="DESKTOP-G7EIMN4" failures="0" tests="1" name="fourthPackage.Shirt" time="0.024" errors="0" timestamp="2020-10-28T14:41:15 EDT" skipped="0">
  <testcase classname="fourthPackage.Shirt" name="takeOff" time="0.024"/>
  <system-out/>
</testsuite> <!-- fourthPackage.Shirt -->
